2026-04-06 07:42:08,579 [INFO] 🛠️ Initializing AI Job Hunter Watchdog...
2026-04-06 07:42:08,580 [INFO] 🚀 Starting Scraper Orchestrator...
2026-04-06 07:42:08,581 [INFO] 🚀 Starting Telegram Bot...
2026-04-06 07:42:38,587 [WARNING] ⚠️ Telegram Bot died. Restarting...
2026-04-06 07:42:38,588 [INFO] 🚀 Starting Telegram Bot...
2026-04-06 07:43:08,593 [WARNING] ⚠️ Telegram Bot died. Restarting...
2026-04-06 07:43:08,595 [INFO] 🚀 Starting Telegram Bot...
2026-04-06 07:43:38,603 [WARNING] ⚠️ Telegram Bot died. Restarting...
2026-04-06 07:43:38,604 [INFO] 🚀 Starting Telegram Bot...
2026-04-06 07:44:08,611 [WARNING] ⚠️ Telegram Bot died. Restarting...
2026-04-06 07:44:08,612 [INFO] 🚀 Starting Telegram Bot...
2026-04-06 07:44:38,619 [WARNING] ⚠️ Telegram Bot died. Restarting...
2026-04-06 07:44:38,620 [INFO] 🚀 Starting Telegram Bot...
2026-04-06 07:45:08,625 [WARNING] ⚠️ Telegram Bot died. Restarting...
2026-04-06 07:45:08,626 [INFO] 🚀 Starting Telegram Bot...
2026-04-06 07:45:38,635 [WARNING] ⚠️ Telegram Bot died. Restarting...
2026-04-06 07:45:38,636 [INFO] 🚀 Starting Telegram Bot...
2026-04-06 07:46:08,645 [WARNING] ⚠️ Telegram Bot died. Restarting...
2026-04-06 07:46:08,645 [INFO] 🚀 Starting Telegram Bot...
2026-04-06 07:46:38,655 [WARNING] ⚠️ Telegram Bot died. Restarting...
2026-04-06 07:46:38,656 [INFO] 🚀 Starting Telegram Bot...
2026-04-06 07:47:08,665 [WARNING] ⚠️ Telegram Bot died. Restarting...
2026-04-06 07:47:08,667 [INFO] 🚀 Starting Telegram Bot...
2026-04-06 07:47:38,677 [WARNING] ⚠️ Telegram Bot died. Restarting...
2026-04-06 07:47:38,678 [INFO] 🚀 Starting Telegram Bot...
2026-04-06 07:48:08,689 [WARNING] ⚠️ Telegram Bot died. Restarting...
2026-04-06 07:48:08,689 [INFO] 🚀 Starting Telegram Bot...
2026-04-06 07:48:38,702 [WARNING] ⚠️ Telegram Bot died. Restarting...
2026-04-06 07:48:38,704 [INFO] 🚀 Starting Telegram Bot...
2026-04-06 07:49:08,715 [WARNING] ⚠️ Telegram Bot died. Restarting...
2026-04-06 07:49:08,716 [INFO] 🚀 Starting Telegram Bot...
2026-04-06 07:49:38,728 [WARNING] ⚠️ Telegram Bot died. Restarting...
2026-04-06 07:49:38,728 [INFO] 🚀 Starting Telegram Bot...
2026-04-06 07:50:08,734 [WARNING] ⚠️ Telegram Bot died. Restarting...
2026-04-06 07:50:08,735 [INFO] 🚀 Starting Telegram Bot...
2026-04-06 07:50:38,746 [WARNING] ⚠️ Telegram Bot died. Restarting...
2026-04-06 07:50:38,747 [INFO] 🚀 Starting Telegram Bot...
2026-04-06 07:51:08,757 [WARNING] ⚠️ Telegram Bot died. Restarting...
2026-04-06 07:51:08,757 [INFO] 🚀 Starting Telegram Bot...
2026-04-06 07:51:38,815 [WARNING] ⚠️ Telegram Bot died. Restarting...
2026-04-06 07:51:38,816 [INFO] 🚀 Starting Telegram Bot...
2026-04-06 07:52:08,827 [WARNING] ⚠️ Telegram Bot died. Restarting...
2026-04-06 07:52:08,827 [INFO] 🚀 Starting Telegram Bot...
2026-04-06 07:52:38,836 [WARNING] ⚠️ Telegram Bot died. Restarting...
2026-04-06 07:52:38,839 [INFO] 🚀 Starting Telegram Bot...
2026-04-06 07:53:08,851 [WARNING] ⚠️ Telegram Bot died. Restarting...
2026-04-06 07:53:08,852 [INFO] 🚀 Starting Telegram Bot...
2026-04-06 07:53:38,862 [WARNING] ⚠️ Telegram Bot died. Restarting...
2026-04-06 07:53:38,864 [INFO] 🚀 Starting Telegram Bot...
2026-04-06 07:54:08,877 [WARNING] ⚠️ Telegram Bot died. Restarting...
2026-04-06 07:54:08,879 [INFO] 🚀 Starting Telegram Bot...
2026-04-06 07:54:38,892 [WARNING] ⚠️ Telegram Bot died. Restarting...
2026-04-06 07:54:38,893 [INFO] 🚀 Starting Telegram Bot...
2026-04-06 07:55:08,901 [WARNING] ⚠️ Telegram Bot died. Restarting...
2026-04-06 07:55:08,902 [INFO] 🚀 Starting Telegram Bot...
2026-04-06 07:55:38,913 [WARNING] ⚠️ Telegram Bot died. Restarting...
2026-04-06 07:55:38,915 [INFO] 🚀 Starting Telegram Bot...
2026-04-06 07:56:08,923 [WARNING] ⚠️ Telegram Bot died. Restarting...
2026-04-06 07:56:08,925 [INFO] 🚀 Starting Telegram Bot...
2026-04-06 07:56:38,936 [WARNING] ⚠️ Telegram Bot died. Restarting...
2026-04-06 07:56:38,938 [INFO] 🚀 Starting Telegram Bot...
2026-04-06 07:57:08,948 [WARNING] ⚠️ Telegram Bot died. Restarting...
2026-04-06 07:57:08,950 [INFO] 🚀 Starting Telegram Bot...
2026-04-06 07:57:38,959 [WARNING] ⚠️ Telegram Bot died. Restarting...
2026-04-06 07:57:38,961 [INFO] 🚀 Starting Telegram Bot...
2026-04-06 07:58:08,971 [WARNING] ⚠️ Telegram Bot died. Restarting...
2026-04-06 07:58:08,973 [INFO] 🚀 Starting Telegram Bot...
2026-04-06 07:58:38,981 [WARNING] ⚠️ Telegram Bot died. Restarting...
2026-04-06 07:58:38,983 [INFO] 🚀 Starting Telegram Bot...
2026-04-06 07:59:08,997 [WARNING] ⚠️ Telegram Bot died. Restarting...
2026-04-06 07:59:08,998 [INFO] 🚀 Starting Telegram Bot...
2026-04-06 07:59:39,008 [WARNING] ⚠️ Telegram Bot died. Restarting...
2026-04-06 07:59:39,013 [INFO] 🚀 Starting Telegram Bot...
2026-04-06 08:00:09,027 [WARNING] ⚠️ Telegram Bot died. Restarting...
2026-04-06 08:00:09,028 [INFO] 🚀 Starting Telegram Bot...
2026-04-06 08:00:39,036 [WARNING] ⚠️ Telegram Bot died. Restarting...
2026-04-06 08:00:39,038 [INFO] 🚀 Starting Telegram Bot...
2026-04-06 08:01:09,046 [WARNING] ⚠️ Telegram Bot died. Restarting...
2026-04-06 08:01:09,049 [INFO] 🚀 Starting Telegram Bot...
2026-04-06 08:01:39,063 [WARNING] ⚠️ Telegram Bot died. Restarting...
2026-04-06 08:01:39,063 [INFO] 🚀 Starting Telegram Bot...
2026-04-06 08:02:09,074 [WARNING] ⚠️ Telegram Bot died. Restarting...
2026-04-06 08:02:09,076 [INFO] 🚀 Starting Telegram Bot...
2026-04-06 08:02:39,082 [WARNING] ⚠️ Telegram Bot died. Restarting...
2026-04-06 08:02:39,084 [INFO] 🚀 Starting Telegram Bot...
2026-04-06 08:03:09,096 [WARNING] ⚠️ Telegram Bot died. Restarting...
2026-04-06 08:03:09,098 [INFO] 🚀 Starting Telegram Bot...
2026-04-06 08:03:39,109 [WARNING] ⚠️ Telegram Bot died. Restarting...
2026-04-06 08:03:39,110 [INFO] 🚀 Starting Telegram Bot...
2026-04-06 08:04:09,122 [WARNING] ⚠️ Telegram Bot died. Restarting...
2026-04-06 08:04:09,123 [INFO] 🚀 Starting Telegram Bot...
2026-04-06 08:04:39,130 [WARNING] ⚠️ Telegram Bot died. Restarting...
2026-04-06 08:04:39,131 [INFO] 🚀 Starting Telegram Bot...
2026-04-06 08:05:09,142 [WARNING] ⚠️ Telegram Bot died. Restarting...
2026-04-06 08:05:09,144 [INFO] 🚀 Starting Telegram Bot...
2026-04-06 08:05:39,149 [WARNING] ⚠️ Telegram Bot died. Restarting...
2026-04-06 08:05:39,150 [INFO] 🚀 Starting Telegram Bot...
2026-04-06 08:06:09,159 [WARNING] ⚠️ Telegram Bot died. Restarting...
2026-04-06 08:06:09,161 [INFO] 🚀 Starting Telegram Bot...
2026-04-06 08:06:39,172 [WARNING] ⚠️ Telegram Bot died. Restarting...
2026-04-06 08:06:39,174 [INFO] 🚀 Starting Telegram Bot...
2026-04-06 08:07:09,184 [WARNING] ⚠️ Telegram Bot died. Restarting...
2026-04-06 08:07:09,186 [INFO] 🚀 Starting Telegram Bot...
2026-04-06 08:07:39,196 [WARNING] ⚠️ Telegram Bot died. Restarting...
2026-04-06 08:07:39,197 [INFO] 🚀 Starting Telegram Bot...
2026-04-06 08:08:09,229 [WARNING] ⚠️ Telegram Bot died. Restarting...
2026-04-06 08:08:09,230 [INFO] 🚀 Starting Telegram Bot...
2026-04-06 08:08:39,243 [WARNING] ⚠️ Telegram Bot died. Restarting...
2026-04-06 08:08:39,245 [INFO] 🚀 Starting Telegram Bot...
2026-04-06 08:09:09,252 [WARNING] ⚠️ Telegram Bot died. Restarting...
2026-04-06 08:09:09,254 [INFO] 🚀 Starting Telegram Bot...
2026-04-06 08:09:39,265 [WARNING] ⚠️ Telegram Bot died. Restarting...
2026-04-06 08:09:39,266 [INFO] 🚀 Starting Telegram Bot...
2026-04-06 08:10:09,276 [WARNING] ⚠️ Telegram Bot died. Restarting...
2026-04-06 08:10:09,277 [INFO] 🚀 Starting Telegram Bot...
2026-04-06 08:10:39,288 [WARNING] ⚠️ Telegram Bot died. Restarting...
2026-04-06 08:10:39,289 [INFO] 🚀 Starting Telegram Bot...
2026-04-06 08:11:09,300 [WARNING] ⚠️ Telegram Bot died. Restarting...
2026-04-06 08:11:09,302 [INFO] 🚀 Starting Telegram Bot...
2026-04-06 08:11:39,313 [WARNING] ⚠️ Telegram Bot died. Restarting...
2026-04-06 08:11:39,315 [INFO] 🚀 Starting Telegram Bot...
2026-04-06 08:12:09,323 [WARNING] ⚠️ Telegram Bot died. Restarting...
2026-04-06 08:12:09,325 [INFO] 🚀 Starting Telegram Bot...
2026-04-06 08:12:39,336 [WARNING] ⚠️ Telegram Bot died. Restarting...
2026-04-06 08:12:39,338 [INFO] 🚀 Starting Telegram Bot...
2026-04-06 08:13:09,350 [WARNING] ⚠️ Telegram Bot died. Restarting...
2026-04-06 08:13:09,352 [INFO] 🚀 Starting Telegram Bot...
2026-04-06 08:13:39,359 [WARNING] ⚠️ Telegram Bot died. Restarting...
2026-04-06 08:13:39,360 [INFO] 🚀 Starting Telegram Bot...
2026-04-06 08:14:09,366 [WARNING] ⚠️ Telegram Bot died. Restarting...
2026-04-06 08:14:09,367 [INFO] 🚀 Starting Telegram Bot...
2026-04-06 08:14:39,377 [WARNING] ⚠️ Telegram Bot died. Restarting...
2026-04-06 08:14:39,377 [INFO] 🚀 Starting Telegram Bot...
2026-04-06 08:15:09,387 [WARNING] ⚠️ Telegram Bot died. Restarting...
2026-04-06 08:15:09,388 [INFO] 🚀 Starting Telegram Bot...
2026-04-06 08:15:39,398 [WARNING] ⚠️ Telegram Bot died. Restarting...
2026-04-06 08:15:39,398 [INFO] 🚀 Starting Telegram Bot...
2026-04-06 08:16:09,409 [WARNING] ⚠️ Telegram Bot died. Restarting...
2026-04-06 08:16:09,410 [INFO] 🚀 Starting Telegram Bot...
2026-04-06 08:16:39,419 [WARNING] ⚠️ Telegram Bot died. Restarting...
2026-04-06 08:16:39,420 [INFO] 🚀 Starting Telegram Bot...
2026-04-06 08:17:09,431 [WARNING] ⚠️ Telegram Bot died. Restarting...
2026-04-06 08:17:09,432 [INFO] 🚀 Starting Telegram Bot...
2026-04-06 08:17:39,442 [WARNING] ⚠️ Telegram Bot died. Restarting...
2026-04-06 08:17:39,443 [INFO] 🚀 Starting Telegram Bot...
2026-04-06 08:18:09,454 [WARNING] ⚠️ Telegram Bot died. Restarting...
2026-04-06 08:18:09,455 [INFO] 🚀 Starting Telegram Bot...
2026-04-06 08:18:39,464 [WARNING] ⚠️ Telegram Bot died. Restarting...
2026-04-06 08:18:39,466 [INFO] 🚀 Starting Telegram Bot...
2026-04-06 08:19:09,477 [WARNING] ⚠️ Telegram Bot died. Restarting...
2026-04-06 08:19:09,478 [INFO] 🚀 Starting Telegram Bot...
2026-04-06 08:19:39,488 [WARNING] ⚠️ Telegram Bot died. Restarting...
2026-04-06 08:19:39,490 [INFO] 🚀 Starting Telegram Bot...
2026-04-06 08:20:09,499 [WARNING] ⚠️ Telegram Bot died. Restarting...
2026-04-06 08:20:09,500 [INFO] 🚀 Starting Telegram Bot...
2026-04-06 08:20:39,508 [WARNING] ⚠️ Telegram Bot died. Restarting...
2026-04-06 08:20:39,510 [INFO] 🚀 Starting Telegram Bot...
2026-04-06 08:21:09,522 [WARNING] ⚠️ Telegram Bot died. Restarting...
2026-04-06 08:21:09,524 [INFO] 🚀 Starting Telegram Bot...
2026-04-06 08:21:39,531 [WARNING] ⚠️ Telegram Bot died. Restarting...
2026-04-06 08:21:39,533 [INFO] 🚀 Starting Telegram Bot...
2026-04-06 08:22:09,540 [WARNING] ⚠️ Telegram Bot died. Restarting...
2026-04-06 08:22:09,541 [INFO] 🚀 Starting Telegram Bot...
2026-04-06 08:22:39,551 [WARNING] ⚠️ Telegram Bot died. Restarting...
2026-04-06 08:22:39,553 [INFO] 🚀 Starting Telegram Bot...
2026-04-06 08:23:09,564 [WARNING] ⚠️ Telegram Bot died. Restarting...
2026-04-06 08:23:09,566 [INFO] 🚀 Starting Telegram Bot...
2026-04-06 08:23:39,576 [WARNING] ⚠️ Telegram Bot died. Restarting...
2026-04-06 08:23:39,577 [INFO] 🚀 Starting Telegram Bot...
2026-04-06 08:24:09,599 [WARNING] ⚠️ Telegram Bot died. Restarting...
2026-04-06 08:24:09,599 [INFO] 🚀 Starting Telegram Bot...
2026-04-06 08:24:39,611 [WARNING] ⚠️ Telegram Bot died. Restarting...
2026-04-06 08:24:39,611 [INFO] 🚀 Starting Telegram Bot...
2026-04-06 08:25:09,622 [WARNING] ⚠️ Telegram Bot died. Restarting...
2026-04-06 08:25:09,624 [INFO] 🚀 Starting Telegram Bot...
2026-04-06 08:25:39,635 [WARNING] ⚠️ Telegram Bot died. Restarting...
2026-04-06 08:25:39,636 [INFO] 🚀 Starting Telegram Bot...
2026-04-06 08:26:09,647 [WARNING] ⚠️ Telegram Bot died. Restarting...
2026-04-06 08:26:09,648 [INFO] 🚀 Starting Telegram Bot...
2026-04-06 08:26:39,655 [WARNING] ⚠️ Telegram Bot died. Restarting...
2026-04-06 08:26:39,657 [INFO] 🚀 Starting Telegram Bot...
2026-04-06 08:27:09,668 [WARNING] ⚠️ Telegram Bot died. Restarting...
2026-04-06 08:27:09,670 [INFO] 🚀 Starting Telegram Bot...
2026-04-06 08:27:39,680 [WARNING] ⚠️ Telegram Bot died. Restarting...
2026-04-06 08:27:39,682 [INFO] 🚀 Starting Telegram Bot...
2026-04-06 08:28:09,693 [WARNING] ⚠️ Telegram Bot died. Restarting...
2026-04-06 08:28:09,694 [INFO] 🚀 Starting Telegram Bot...
2026-04-06 08:28:39,704 [WARNING] ⚠️ Telegram Bot died. Restarting...
2026-04-06 08:28:39,704 [INFO] 🚀 Starting Telegram Bot...
2026-04-06 08:29:09,712 [WARNING] ⚠️ Telegram Bot died. Restarting...
2026-04-06 08:29:09,713 [INFO] 🚀 Starting Telegram Bot...
2026-04-06 08:29:39,720 [WARNING] ⚠️ Telegram Bot died. Restarting...
2026-04-06 08:29:39,721 [INFO] 🚀 Starting Telegram Bot...
2026-04-06 08:30:09,730 [WARNING] ⚠️ Telegram Bot died. Restarting...
2026-04-06 08:30:09,731 [INFO] 🚀 Starting Telegram Bot...
2026-04-06 08:30:39,740 [WARNING] ⚠️ Telegram Bot died. Restarting...
2026-04-06 08:30:39,742 [INFO] 🚀 Starting Telegram Bot...
2026-04-06 08:31:09,752 [WARNING] ⚠️ Telegram Bot died. Restarting...
2026-04-06 08:31:09,754 [INFO] 🚀 Starting Telegram Bot...
2026-04-06 08:31:39,765 [WARNING] ⚠️ Telegram Bot died. Restarting...
2026-04-06 08:31:39,767 [INFO] 🚀 Starting Telegram Bot...
2026-04-06 08:32:09,776 [WARNING] ⚠️ Telegram Bot died. Restarting...
2026-04-06 08:32:09,778 [INFO] 🚀 Starting Telegram Bot...
2026-04-06 08:32:39,788 [WARNING] ⚠️ Telegram Bot died. Restarting...
2026-04-06 08:32:39,789 [INFO] 🚀 Starting Telegram Bot...
2026-04-06 08:33:09,800 [WARNING] ⚠️ Telegram Bot died. Restarting...
2026-04-06 08:33:09,801 [INFO] 🚀 Starting Telegram Bot...
2026-04-06 08:33:39,815 [WARNING] ⚠️ Telegram Bot died. Restarting...
2026-04-06 08:33:39,817 [INFO] 🚀 Starting Telegram Bot...
2026-04-06 08:34:09,827 [WARNING] ⚠️ Telegram Bot died. Restarting...
2026-04-06 08:34:09,827 [INFO] 🚀 Starting Telegram Bot...
2026-04-06 08:34:39,850 [WARNING] ⚠️ Telegram Bot died. Restarting...
2026-04-06 08:34:39,852 [INFO] 🚀 Starting Telegram Bot...
2026-04-06 08:35:09,860 [WARNING] ⚠️ Telegram Bot died. Restarting...
2026-04-06 08:35:09,861 [INFO] 🚀 Starting Telegram Bot...
2026-04-06 08:35:39,867 [WARNING] ⚠️ Telegram Bot died. Restarting...
2026-04-06 08:35:39,868 [INFO] 🚀 Starting Telegram Bot...
2026-04-06 08:36:09,871 [WARNING] ⚠️ Telegram Bot died. Restarting...
2026-04-06 08:36:09,872 [INFO] 🚀 Starting Telegram Bot...
2026-04-06 08:36:39,877 [WARNING] ⚠️ Telegram Bot died. Restarting...
2026-04-06 08:36:39,878 [INFO] 🚀 Starting Telegram Bot...
2026-04-06 08:37:09,888 [WARNING] ⚠️ Telegram Bot died. Restarting...
2026-04-06 08:37:09,888 [INFO] 🚀 Starting Telegram Bot...
2026-04-06 08:37:39,899 [WARNING] ⚠️ Telegram Bot died. Restarting...
2026-04-06 08:37:39,900 [INFO] 🚀 Starting Telegram Bot...
2026-04-06 08:38:09,909 [WARNING] ⚠️ Telegram Bot died. Restarting...
2026-04-06 08:38:09,909 [INFO] 🚀 Starting Telegram Bot...
2026-04-06 08:38:39,918 [WARNING] ⚠️ Telegram Bot died. Restarting...
2026-04-06 08:38:39,920 [INFO] 🚀 Starting Telegram Bot...
2026-04-06 08:39:09,932 [WARNING] ⚠️ Telegram Bot died. Restarting...
2026-04-06 08:39:09,933 [INFO] 🚀 Starting Telegram Bot...
2026-04-06 08:39:39,945 [WARNING] ⚠️ Telegram Bot died. Restarting...
2026-04-06 08:39:39,946 [INFO] 🚀 Starting Telegram Bot...
2026-04-06 08:40:09,956 [WARNING] ⚠️ Telegram Bot died. Restarting...
2026-04-06 08:40:09,957 [INFO] 🚀 Starting Telegram Bot...
2026-04-06 08:40:39,965 [WARNING] ⚠️ Telegram Bot died. Restarting...
2026-04-06 08:40:39,967 [INFO] 🚀 Starting Telegram Bot...
2026-04-06 08:41:09,979 [WARNING] ⚠️ Telegram Bot died. Restarting...
2026-04-06 08:41:09,980 [INFO] 🚀 Starting Telegram Bot...
2026-04-06 08:41:39,988 [WARNING] ⚠️ Telegram Bot died. Restarting...
2026-04-06 08:41:39,990 [INFO] 🚀 Starting Telegram Bot...
2026-04-06 08:42:10,002 [WARNING] ⚠️ Telegram Bot died. Restarting...
2026-04-06 08:42:10,004 [INFO] 🚀 Starting Telegram Bot...
2026-04-06 08:42:40,014 [WARNING] ⚠️ Telegram Bot died. Restarting...
2026-04-06 08:42:40,015 [INFO] 🚀 Starting Telegram Bot...
2026-04-06 08:43:10,022 [WARNING] ⚠️ Telegram Bot died. Restarting...
2026-04-06 08:43:10,023 [INFO] 🚀 Starting Telegram Bot...
2026-04-06 08:43:40,030 [WARNING] ⚠️ Telegram Bot died. Restarting...
2026-04-06 08:43:40,032 [INFO] 🚀 Starting Telegram Bot...
2026-04-06 08:44:10,042 [WARNING] ⚠️ Telegram Bot died. Restarting...
2026-04-06 08:44:10,044 [INFO] 🚀 Starting Telegram Bot...
2026-04-06 08:44:40,053 [WARNING] ⚠️ Telegram Bot died. Restarting...
2026-04-06 08:44:40,054 [INFO] 🚀 Starting Telegram Bot...
2026-04-06 08:45:10,062 [WARNING] ⚠️ Telegram Bot died. Restarting...
2026-04-06 08:45:10,064 [INFO] 🚀 Starting Telegram Bot...
2026-04-06 08:45:40,075 [WARNING] ⚠️ Telegram Bot died. Restarting...
2026-04-06 08:45:40,076 [INFO] 🚀 Starting Telegram Bot...
2026-04-06 08:46:10,087 [WARNING] ⚠️ Telegram Bot died. Restarting...
2026-04-06 08:46:10,089 [INFO] 🚀 Starting Telegram Bot...
2026-04-06 08:46:40,099 [WARNING] ⚠️ Telegram Bot died. Restarting...
2026-04-06 08:46:40,100 [INFO] 🚀 Starting Telegram Bot...
2026-04-06 08:47:10,109 [WARNING] ⚠️ Telegram Bot died. Restarting...
2026-04-06 08:47:10,110 [INFO] 🚀 Starting Telegram Bot...
2026-04-06 08:47:40,121 [WARNING] ⚠️ Telegram Bot died. Restarting...
2026-04-06 08:47:40,122 [INFO] 🚀 Starting Telegram Bot...
2026-04-06 08:48:10,129 [WARNING] ⚠️ Telegram Bot died. Restarting...
2026-04-06 08:48:10,130 [INFO] 🚀 Starting Telegram Bot...
2026-04-06 08:48:40,141 [WARNING] ⚠️ Telegram Bot died. Restarting...
2026-04-06 08:48:40,142 [INFO] 🚀 Starting Telegram Bot...
2026-04-06 08:49:10,153 [WARNING] ⚠️ Telegram Bot died. Restarting...
2026-04-06 08:49:10,156 [INFO] 🚀 Starting Telegram Bot...
2026-04-06 08:49:40,164 [WARNING] ⚠️ Telegram Bot died. Restarting...
2026-04-06 08:49:40,166 [INFO] 🚀 Starting Telegram Bot...
2026-04-06 08:50:10,178 [WARNING] ⚠️ Telegram Bot died. Restarting...
2026-04-06 08:50:10,179 [INFO] 🚀 Starting Telegram Bot...
2026-04-06 08:50:40,188 [WARNING] ⚠️ Telegram Bot died. Restarting...
2026-04-06 08:50:40,189 [INFO] 🚀 Starting Telegram Bot...
2026-04-06 08:51:10,198 [WARNING] ⚠️ Telegram Bot died. Restarting...
2026-04-06 08:51:10,199 [INFO] 🚀 Starting Telegram Bot...
2026-04-06 08:51:40,208 [WARNING] ⚠️ Telegram Bot died. Restarting...
2026-04-06 08:51:40,209 [INFO] 🚀 Starting Telegram Bot...
2026-04-06 08:52:10,216 [WARNING] ⚠️ Telegram Bot died. Restarting...
2026-04-06 08:52:10,217 [INFO] 🚀 Starting Telegram Bot...
2026-04-06 08:52:40,230 [WARNING] ⚠️ Telegram Bot died. Restarting...
2026-04-06 08:52:40,230 [INFO] 🚀 Starting Telegram Bot...
2026-04-06 08:53:10,238 [WARNING] ⚠️ Telegram Bot died. Restarting...
2026-04-06 08:53:10,239 [INFO] 🚀 Starting Telegram Bot...
2026-04-06 08:53:40,248 [WARNING] ⚠️ Telegram Bot died. Restarting...
2026-04-06 08:53:40,249 [INFO] 🚀 Starting Telegram Bot...
2026-04-06 08:54:10,272 [WARNING] ⚠️ Telegram Bot died. Restarting...
2026-04-06 08:54:10,274 [INFO] 🚀 Starting Telegram Bot...
2026-04-06 08:54:40,285 [WARNING] ⚠️ Telegram Bot died. Restarting...
2026-04-06 08:54:40,285 [INFO] 🚀 Starting Telegram Bot...
2026-04-06 08:55:10,294 [WARNING] ⚠️ Telegram Bot died. Restarting...
2026-04-06 08:55:10,294 [INFO] 🚀 Starting Telegram Bot...
2026-04-06 08:55:40,305 [WARNING] ⚠️ Telegram Bot died. Restarting...
2026-04-06 08:55:40,307 [INFO] 🚀 Starting Telegram Bot...
2026-04-06 08:56:10,332 [WARNING] ⚠️ Telegram Bot died. Restarting...
2026-04-06 08:56:10,334 [INFO] 🚀 Starting Telegram Bot...
2026-04-06 08:56:40,347 [WARNING] ⚠️ Telegram Bot died. Restarting...
2026-04-06 08:56:40,349 [INFO] 🚀 Starting Telegram Bot...
2026-04-06 08:57:10,359 [WARNING] ⚠️ Telegram Bot died. Restarting...
2026-04-06 08:57:10,359 [INFO] 🚀 Starting Telegram Bot...
2026-04-06 08:57:40,374 [WARNING] ⚠️ Telegram Bot died. Restarting...
2026-04-06 08:57:40,375 [INFO] 🚀 Starting Telegram Bot...
2026-04-06 08:58:10,389 [WARNING] ⚠️ Telegram Bot died. Restarting...
2026-04-06 08:58:10,391 [INFO] 🚀 Starting Telegram Bot...
2026-04-06 08:58:40,401 [WARNING] ⚠️ Telegram Bot died. Restarting...
2026-04-06 08:58:40,402 [INFO] 🚀 Starting Telegram Bot...
2026-04-06 08:59:10,413 [WARNING] ⚠️ Telegram Bot died. Restarting...
2026-04-06 08:59:10,415 [INFO] 🚀 Starting Telegram Bot...
2026-04-06 08:59:40,427 [WARNING] ⚠️ Telegram Bot died. Restarting...
2026-04-06 08:59:40,429 [INFO] 🚀 Starting Telegram Bot...
2026-04-06 09:00:10,438 [WARNING] ⚠️ Telegram Bot died. Restarting...
2026-04-06 09:00:10,441 [INFO] 🚀 Starting Telegram Bot...
2026-04-06 09:00:40,452 [WARNING] ⚠️ Telegram Bot died. Restarting...
2026-04-06 09:00:40,453 [INFO] 🚀 Starting Telegram Bot...
2026-04-06 09:01:10,461 [WARNING] ⚠️ Telegram Bot died. Restarting...
2026-04-06 09:01:10,462 [INFO] 🚀 Starting Telegram Bot...
2026-04-06 09:01:40,474 [WARNING] ⚠️ Telegram Bot died. Restarting...
2026-04-06 09:01:40,476 [INFO] 🚀 Starting Telegram Bot...
2026-04-06 09:02:10,484 [WARNING] ⚠️ Telegram Bot died. Restarting...
2026-04-06 09:02:10,485 [INFO] 🚀 Starting Telegram Bot...
2026-04-06 09:02:40,497 [WARNING] ⚠️ Telegram Bot died. Restarting...
2026-04-06 09:02:40,498 [INFO] 🚀 Starting Telegram Bot...
2026-04-06 09:03:10,510 [WARNING] ⚠️ Telegram Bot died. Restarting...
2026-04-06 09:03:10,512 [INFO] 🚀 Starting Telegram Bot...
2026-04-06 09:03:40,520 [WARNING] ⚠️ Telegram Bot died. Restarting...
2026-04-06 09:03:40,521 [INFO] 🚀 Starting Telegram Bot...
2026-04-06 09:04:10,528 [WARNING] ⚠️ Telegram Bot died. Restarting...
2026-04-06 09:04:10,530 [INFO] 🚀 Starting Telegram Bot...
2026-04-06 09:04:40,539 [WARNING] ⚠️ Telegram Bot died. Restarting...
2026-04-06 09:04:40,540 [INFO] 🚀 Starting Telegram Bot...
2026-04-06 09:05:10,548 [WARNING] ⚠️ Telegram Bot died. Restarting...
2026-04-06 09:05:10,550 [INFO] 🚀 Starting Telegram Bot...
2026-04-06 09:05:40,557 [WARNING] ⚠️ Telegram Bot died. Restarting...
2026-04-06 09:05:40,558 [INFO] 🚀 Starting Telegram Bot...
2026-04-06 09:06:10,564 [WARNING] ⚠️ Telegram Bot died. Restarting...
2026-04-06 09:06:10,565 [INFO] 🚀 Starting Telegram Bot...
2026-04-06 09:06:40,573 [WARNING] ⚠️ Telegram Bot died. Restarting...
2026-04-06 09:06:40,574 [INFO] 🚀 Starting Telegram Bot...
2026-04-06 09:07:10,585 [WARNING] ⚠️ Telegram Bot died. Restarting...
2026-04-06 09:07:10,587 [INFO] 🚀 Starting Telegram Bot...
2026-04-06 09:07:40,596 [WARNING] ⚠️ Telegram Bot died. Restarting...
2026-04-06 09:07:40,596 [INFO] 🚀 Starting Telegram Bot...
2026-04-06 09:08:10,604 [WARNING] ⚠️ Telegram Bot died. Restarting...
2026-04-06 09:08:10,606 [INFO] 🚀 Starting Telegram Bot...
2026-04-06 09:08:40,617 [WARNING] ⚠️ Telegram Bot died. Restarting...
2026-04-06 09:08:40,619 [INFO] 🚀 Starting Telegram Bot...
2026-04-06 09:09:10,631 [WARNING] ⚠️ Telegram Bot died. Restarting...
2026-04-06 09:09:10,632 [INFO] 🚀 Starting Telegram Bot...
2026-04-06 09:09:40,641 [WARNING] ⚠️ Telegram Bot died. Restarting...
2026-04-06 09:09:40,643 [INFO] 🚀 Starting Telegram Bot...
2026-04-06 09:10:10,658 [WARNING] ⚠️ Telegram Bot died. Restarting...
2026-04-06 09:10:10,660 [INFO] 🚀 Starting Telegram Bot...
2026-04-06 09:10:40,671 [WARNING] ⚠️ Telegram Bot died. Restarting...
2026-04-06 09:10:40,672 [INFO] 🚀 Starting Telegram Bot...
2026-04-06 09:11:10,684 [WARNING] ⚠️ Telegram Bot died. Restarting...
2026-04-06 09:11:10,685 [INFO] 🚀 Starting Telegram Bot...
2026-04-06 09:11:40,692 [WARNING] ⚠️ Telegram Bot died. Restarting...
2026-04-06 09:11:40,693 [INFO] 🚀 Starting Telegram Bot...
2026-04-06 09:12:10,704 [WARNING] ⚠️ Telegram Bot died. Restarting...
2026-04-06 09:12:10,704 [INFO] 🚀 Starting Telegram Bot...
2026-04-06 09:12:40,713 [WARNING] ⚠️ Telegram Bot died. Restarting...
2026-04-06 09:12:40,715 [INFO] 🚀 Starting Telegram Bot...
2026-04-06 09:13:10,726 [WARNING] ⚠️ Telegram Bot died. Restarting...
2026-04-06 09:13:10,727 [INFO] 🚀 Starting Telegram Bot...
2026-04-06 09:13:40,736 [WARNING] ⚠️ Telegram Bot died. Restarting...
2026-04-06 09:13:40,738 [INFO] 🚀 Starting Telegram Bot...
2026-04-06 09:14:10,746 [WARNING] ⚠️ Telegram Bot died. Restarting...
2026-04-06 09:14:10,746 [INFO] 🚀 Starting Telegram Bot...
2026-04-06 09:14:40,754 [WARNING] ⚠️ Telegram Bot died. Restarting...
2026-04-06 09:14:40,756 [INFO] 🚀 Starting Telegram Bot...
2026-04-06 09:15:10,763 [WARNING] ⚠️ Telegram Bot died. Restarting...
2026-04-06 09:15:10,764 [INFO] 🚀 Starting Telegram Bot...
2026-04-06 09:15:40,772 [WARNING] ⚠️ Telegram Bot died. Restarting...
2026-04-06 09:15:40,774 [INFO] 🚀 Starting Telegram Bot...
2026-04-06 09:16:10,782 [WARNING] ⚠️ Telegram Bot died. Restarting...
2026-04-06 09:16:10,784 [INFO] 🚀 Starting Telegram Bot...
2026-04-06 09:16:40,794 [WARNING] ⚠️ Telegram Bot died. Restarting...
2026-04-06 09:16:40,796 [INFO] 🚀 Starting Telegram Bot...
2026-04-06 09:17:10,808 [WARNING] ⚠️ Telegram Bot died. Restarting...
2026-04-06 09:17:10,809 [INFO] 🚀 Starting Telegram Bot...
2026-04-06 09:17:40,814 [WARNING] ⚠️ Telegram Bot died. Restarting...
2026-04-06 09:17:40,814 [INFO] 🚀 Starting Telegram Bot...
2026-04-06 09:18:10,823 [WARNING] ⚠️ Telegram Bot died. Restarting...
2026-04-06 09:18:10,826 [INFO] 🚀 Starting Telegram Bot...
2026-04-06 09:18:40,838 [WARNING] ⚠️ Telegram Bot died. Restarting...
2026-04-06 09:18:40,840 [INFO] 🚀 Starting Telegram Bot...
2026-04-06 09:19:10,845 [WARNING] ⚠️ Telegram Bot died. Restarting...
2026-04-06 09:19:10,845 [INFO] 🚀 Starting Telegram Bot...
2026-04-06 09:19:40,854 [WARNING] ⚠️ Telegram Bot died. Restarting...
2026-04-06 09:19:40,854 [INFO] 🚀 Starting Telegram Bot...
2026-04-06 09:20:10,862 [WARNING] ⚠️ Telegram Bot died. Restarting...
2026-04-06 09:20:10,863 [INFO] 🚀 Starting Telegram Bot...
2026-04-06 09:20:40,872 [WARNING] ⚠️ Telegram Bot died. Restarting...
2026-04-06 09:20:40,874 [INFO] 🚀 Starting Telegram Bot...
2026-04-06 09:21:10,885 [WARNING] ⚠️ Telegram Bot died. Restarting...
2026-04-06 09:21:10,887 [INFO] 🚀 Starting Telegram Bot...
2026-04-06 09:21:40,899 [WARNING] ⚠️ Telegram Bot died. Restarting...
2026-04-06 09:21:40,899 [INFO] 🚀 Starting Telegram Bot...
2026-04-06 09:22:10,911 [WARNING] ⚠️ Telegram Bot died. Restarting...
2026-04-06 09:22:10,913 [INFO] 🚀 Starting Telegram Bot...
2026-04-06 09:22:40,925 [WARNING] ⚠️ Telegram Bot died. Restarting...
2026-04-06 09:22:40,927 [INFO] 🚀 Starting Telegram Bot...
2026-04-06 09:23:10,937 [WARNING] ⚠️ Telegram Bot died. Restarting...
2026-04-06 09:23:10,939 [INFO] 🚀 Starting Telegram Bot...
2026-04-06 09:23:40,950 [WARNING] ⚠️ Telegram Bot died. Restarting...
2026-04-06 09:23:40,951 [INFO] 🚀 Starting Telegram Bot...
2026-04-06 09:24:10,967 [WARNING] ⚠️ Telegram Bot died. Restarting...
2026-04-06 09:24:10,968 [INFO] 🚀 Starting Telegram Bot...
2026-04-06 09:24:40,981 [WARNING] ⚠️ Telegram Bot died. Restarting...
2026-04-06 09:24:40,981 [INFO] 🚀 Starting Telegram Bot...
2026-04-06 09:25:10,989 [WARNING] ⚠️ Telegram Bot died. Restarting...
2026-04-06 09:25:10,990 [INFO] 🚀 Starting Telegram Bot...
2026-04-06 09:25:40,998 [WARNING] ⚠️ Telegram Bot died. Restarting...
2026-04-06 09:25:40,999 [INFO] 🚀 Starting Telegram Bot...
2026-04-06 09:26:11,015 [WARNING] ⚠️ Telegram Bot died. Restarting...
2026-04-06 09:26:11,015 [INFO] 🚀 Starting Telegram Bot...
2026-04-06 09:26:41,022 [WARNING] ⚠️ Telegram Bot died. Restarting...
2026-04-06 09:26:41,024 [INFO] 🚀 Starting Telegram Bot...
2026-04-06 09:27:11,032 [WARNING] ⚠️ Telegram Bot died. Restarting...
2026-04-06 09:27:11,033 [INFO] 🚀 Starting Telegram Bot...
2026-04-06 09:27:41,048 [WARNING] ⚠️ Telegram Bot died. Restarting...
2026-04-06 09:27:41,049 [INFO] 🚀 Starting Telegram Bot...
2026-04-06 09:28:11,066 [WARNING] ⚠️ Telegram Bot died. Restarting...
2026-04-06 09:28:11,068 [INFO] 🚀 Starting Telegram Bot...
2026-04-06 09:28:41,077 [WARNING] ⚠️ Telegram Bot died. Restarting...
2026-04-06 09:28:41,078 [INFO] 🚀 Starting Telegram Bot...
2026-04-06 09:29:11,090 [WARNING] ⚠️ Telegram Bot died. Restarting...
2026-04-06 09:29:11,092 [INFO] 🚀 Starting Telegram Bot...
2026-04-06 09:29:41,109 [WARNING] ⚠️ Telegram Bot died. Restarting...
2026-04-06 09:29:41,110 [INFO] 🚀 Starting Telegram Bot...
2026-04-06 09:30:11,119 [WARNING] ⚠️ Telegram Bot died. Restarting...
2026-04-06 09:30:11,120 [INFO] 🚀 Starting Telegram Bot...
2026-04-06 09:30:41,129 [WARNING] ⚠️ Telegram Bot died. Restarting...
2026-04-06 09:30:41,131 [INFO] 🚀 Starting Telegram Bot...
2026-04-06 09:31:11,141 [WARNING] ⚠️ Telegram Bot died. Restarting...
2026-04-06 09:31:11,142 [INFO] 🚀 Starting Telegram Bot...
2026-04-06 09:31:41,150 [WARNING] ⚠️ Telegram Bot died. Restarting...
2026-04-06 09:31:41,151 [INFO] 🚀 Starting Telegram Bot...
2026-04-06 09:32:11,162 [WARNING] ⚠️ Telegram Bot died. Restarting...
2026-04-06 09:32:11,163 [INFO] 🚀 Starting Telegram Bot...
2026-04-06 09:32:41,172 [WARNING] ⚠️ Telegram Bot died. Restarting...
2026-04-06 09:32:41,173 [INFO] 🚀 Starting Telegram Bot...
2026-04-06 09:33:11,179 [WARNING] ⚠️ Telegram Bot died. Restarting...
2026-04-06 09:33:11,180 [INFO] 🚀 Starting Telegram Bot...
2026-04-06 09:33:41,192 [WARNING] ⚠️ Telegram Bot died. Restarting...
2026-04-06 09:33:41,193 [INFO] 🚀 Starting Telegram Bot...
2026-04-06 09:34:11,206 [WARNING] ⚠️ Telegram Bot died. Restarting...
2026-04-06 09:34:11,208 [INFO] 🚀 Starting Telegram Bot...
2026-04-06 09:34:41,218 [WARNING] ⚠️ Telegram Bot died. Restarting...
2026-04-06 09:34:41,220 [INFO] 🚀 Starting Telegram Bot...
2026-04-06 09:35:11,231 [WARNING] ⚠️ Telegram Bot died. Restarting...
2026-04-06 09:35:11,232 [INFO] 🚀 Starting Telegram Bot...
2026-04-06 09:35:41,247 [WARNING] ⚠️ Telegram Bot died. Restarting...
2026-04-06 09:35:41,249 [INFO] 🚀 Starting Telegram Bot...
2026-04-06 09:36:11,258 [WARNING] ⚠️ Telegram Bot died. Restarting...
2026-04-06 09:36:11,259 [INFO] 🚀 Starting Telegram Bot...
2026-04-06 09:36:41,268 [WARNING] ⚠️ Telegram Bot died. Restarting...
2026-04-06 09:36:41,269 [INFO] 🚀 Starting Telegram Bot...
2026-04-06 09:37:11,282 [WARNING] ⚠️ Telegram Bot died. Restarting...
2026-04-06 09:37:11,284 [INFO] 🚀 Starting Telegram Bot...
2026-04-06 09:37:41,293 [WARNING] ⚠️ Telegram Bot died. Restarting...
2026-04-06 09:37:41,295 [INFO] 🚀 Starting Telegram Bot...
2026-04-06 09:38:11,307 [WARNING] ⚠️ Telegram Bot died. Restarting...
2026-04-06 09:38:11,309 [INFO] 🚀 Starting Telegram Bot...
2026-04-06 09:38:41,323 [WARNING] ⚠️ Telegram Bot died. Restarting...
2026-04-06 09:38:41,325 [INFO] 🚀 Starting Telegram Bot...
2026-04-06 09:39:11,336 [WARNING] ⚠️ Telegram Bot died. Restarting...
2026-04-06 09:39:11,339 [INFO] 🚀 Starting Telegram Bot...
2026-04-06 09:39:41,349 [WARNING] ⚠️ Telegram Bot died. Restarting...
2026-04-06 09:39:41,350 [INFO] 🚀 Starting Telegram Bot...
2026-04-06 09:40:11,357 [WARNING] ⚠️ Telegram Bot died. Restarting...
2026-04-06 09:40:11,358 [INFO] 🚀 Starting Telegram Bot...
2026-04-06 09:40:41,368 [WARNING] ⚠️ Telegram Bot died. Restarting...
2026-04-06 09:40:41,370 [INFO] 🚀 Starting Telegram Bot...
2026-04-06 09:41:11,378 [WARNING] ⚠️ Telegram Bot died. Restarting...
2026-04-06 09:41:11,378 [INFO] 🚀 Starting Telegram Bot...
2026-04-06 09:41:41,392 [WARNING] ⚠️ Telegram Bot died. Restarting...
2026-04-06 09:41:41,393 [INFO] 🚀 Starting Telegram Bot...
2026-04-06 09:42:11,405 [WARNING] ⚠️ Telegram Bot died. Restarting...
2026-04-06 09:42:11,407 [INFO] 🚀 Starting Telegram Bot...
2026-04-06 09:42:41,416 [WARNING] ⚠️ Telegram Bot died. Restarting...
2026-04-06 09:42:41,417 [INFO] 🚀 Starting Telegram Bot...
2026-04-06 09:43:11,428 [WARNING] ⚠️ Telegram Bot died. Restarting...
2026-04-06 09:43:11,430 [INFO] 🚀 Starting Telegram Bot...
2026-04-06 09:43:41,438 [WARNING] ⚠️ Telegram Bot died. Restarting...
2026-04-06 09:43:41,439 [INFO] 🚀 Starting Telegram Bot...
2026-04-06 09:44:11,434 [WARNING] ⚠️ Telegram Bot died. Restarting...
2026-04-06 09:44:11,435 [INFO] 🚀 Starting Telegram Bot...
2026-04-06 09:44:41,444 [WARNING] ⚠️ Telegram Bot died. Restarting...
2026-04-06 09:44:41,446 [INFO] 🚀 Starting Telegram Bot...
2026-04-06 09:45:11,457 [WARNING] ⚠️ Telegram Bot died. Restarting...
2026-04-06 09:45:11,458 [INFO] 🚀 Starting Telegram Bot...
2026-04-06 09:45:41,468 [WARNING] ⚠️ Telegram Bot died. Restarting...
2026-04-06 09:45:41,470 [INFO] 🚀 Starting Telegram Bot...
2026-04-06 09:46:11,481 [WARNING] ⚠️ Telegram Bot died. Restarting...
2026-04-06 09:46:11,484 [INFO] 🚀 Starting Telegram Bot...
2026-04-06 09:46:41,493 [WARNING] ⚠️ Telegram Bot died. Restarting...
2026-04-06 09:46:41,494 [INFO] 🚀 Starting Telegram Bot...
2026-04-06 09:47:11,504 [WARNING] ⚠️ Telegram Bot died. Restarting...
2026-04-06 09:47:11,506 [INFO] 🚀 Starting Telegram Bot...
2026-04-06 09:47:41,518 [WARNING] ⚠️ Telegram Bot died. Restarting...
2026-04-06 09:47:41,520 [INFO] 🚀 Starting Telegram Bot...
2026-04-06 09:48:11,526 [WARNING] ⚠️ Telegram Bot died. Restarting...
2026-04-06 09:48:11,527 [INFO] 🚀 Starting Telegram Bot...
2026-04-06 09:48:41,536 [WARNING] ⚠️ Telegram Bot died. Restarting...
2026-04-06 09:48:41,538 [INFO] 🚀 Starting Telegram Bot...
2026-04-06 09:49:11,551 [WARNING] ⚠️ Telegram Bot died. Restarting...
2026-04-06 09:49:11,553 [INFO] 🚀 Starting Telegram Bot...
2026-04-06 09:49:41,561 [WARNING] ⚠️ Telegram Bot died. Restarting...
2026-04-06 09:49:41,564 [INFO] 🚀 Starting Telegram Bot...
2026-04-06 09:50:11,578 [WARNING] ⚠️ Telegram Bot died. Restarting...
2026-04-06 09:50:11,580 [INFO] 🚀 Starting Telegram Bot...
2026-04-06 09:50:41,590 [WARNING] ⚠️ Telegram Bot died. Restarting...
2026-04-06 09:50:41,591 [INFO] 🚀 Starting Telegram Bot...
2026-04-06 09:51:11,601 [WARNING] ⚠️ Telegram Bot died. Restarting...
2026-04-06 09:51:11,603 [INFO] 🚀 Starting Telegram Bot...
2026-04-06 09:51:41,613 [WARNING] ⚠️ Telegram Bot died. Restarting...
2026-04-06 09:51:41,614 [INFO] 🚀 Starting Telegram Bot...
2026-04-06 09:52:11,624 [WARNING] ⚠️ Telegram Bot died. Restarting...
2026-04-06 09:52:11,626 [INFO] 🚀 Starting Telegram Bot...
2026-04-06 09:52:41,636 [WARNING] ⚠️ Telegram Bot died. Restarting...
2026-04-06 09:52:41,638 [INFO] 🚀 Starting Telegram Bot...
2026-04-06 09:53:11,650 [WARNING] ⚠️ Telegram Bot died. Restarting...
2026-04-06 09:53:11,652 [INFO] 🚀 Starting Telegram Bot...
2026-04-06 09:53:41,664 [WARNING] ⚠️ Telegram Bot died. Restarting...
2026-04-06 09:53:41,666 [INFO] 🚀 Starting Telegram Bot...
2026-04-06 09:54:11,674 [WARNING] ⚠️ Telegram Bot died. Restarting...
2026-04-06 09:54:11,675 [INFO] 🚀 Starting Telegram Bot...
2026-04-06 09:54:41,682 [WARNING] ⚠️ Telegram Bot died. Restarting...
2026-04-06 09:54:41,683 [INFO] 🚀 Starting Telegram Bot...
2026-04-06 09:55:11,691 [WARNING] ⚠️ Telegram Bot died. Restarting...
2026-04-06 09:55:11,693 [INFO] 🚀 Starting Telegram Bot...
2026-04-06 09:55:41,701 [WARNING] ⚠️ Telegram Bot died. Restarting...
2026-04-06 09:55:41,702 [INFO] 🚀 Starting Telegram Bot...
2026-04-06 09:56:11,710 [WARNING] ⚠️ Telegram Bot died. Restarting...
2026-04-06 09:56:11,712 [INFO] 🚀 Starting Telegram Bot...
2026-04-06 09:56:41,718 [WARNING] ⚠️ Telegram Bot died. Restarting...
2026-04-06 09:56:41,720 [INFO] 🚀 Starting Telegram Bot...
2026-04-06 09:57:11,729 [WARNING] ⚠️ Telegram Bot died. Restarting...
2026-04-06 09:57:11,731 [INFO] 🚀 Starting Telegram Bot...
2026-04-06 09:57:41,738 [WARNING] ⚠️ Telegram Bot died. Restarting...
2026-04-06 09:57:41,739 [INFO] 🚀 Starting Telegram Bot...
2026-04-06 09:58:11,749 [WARNING] ⚠️ Telegram Bot died. Restarting...
2026-04-06 09:58:11,750 [INFO] 🚀 Starting Telegram Bot...
2026-04-06 09:58:41,757 [WARNING] ⚠️ Telegram Bot died. Restarting...
2026-04-06 09:58:41,757 [INFO] 🚀 Starting Telegram Bot...
2026-04-06 09:59:11,766 [WARNING] ⚠️ Telegram Bot died. Restarting...
2026-04-06 09:59:11,766 [INFO] 🚀 Starting Telegram Bot...
2026-04-06 09:59:41,777 [WARNING] ⚠️ Telegram Bot died. Restarting...
2026-04-06 09:59:41,780 [INFO] 🚀 Starting Telegram Bot...
2026-04-06 10:00:11,791 [WARNING] ⚠️ Telegram Bot died. Restarting...
2026-04-06 10:00:11,791 [INFO] 🚀 Starting Telegram Bot...
2026-04-06 10:00:41,802 [WARNING] ⚠️ Telegram Bot died. Restarting...
2026-04-06 10:00:41,804 [INFO] 🚀 Starting Telegram Bot...
2026-04-06 10:01:11,814 [WARNING] ⚠️ Telegram Bot died. Restarting...
2026-04-06 10:01:11,816 [INFO] 🚀 Starting Telegram Bot...
2026-04-06 10:01:41,825 [WARNING] ⚠️ Telegram Bot died. Restarting...
2026-04-06 10:01:41,826 [INFO] 🚀 Starting Telegram Bot...
2026-04-06 10:02:11,833 [WARNING] ⚠️ Telegram Bot died. Restarting...
2026-04-06 10:02:11,835 [INFO] 🚀 Starting Telegram Bot...
2026-04-06 10:02:41,851 [WARNING] ⚠️ Telegram Bot died. Restarting...
2026-04-06 10:02:41,852 [INFO] 🚀 Starting Telegram Bot...
2026-04-06 10:03:11,860 [WARNING] ⚠️ Telegram Bot died. Restarting...
2026-04-06 10:03:11,862 [INFO] 🚀 Starting Telegram Bot...
2026-04-06 10:03:41,874 [WARNING] ⚠️ Telegram Bot died. Restarting...
2026-04-06 10:03:41,877 [INFO] 🚀 Starting Telegram Bot...
2026-04-06 10:04:11,885 [WARNING] ⚠️ Telegram Bot died. Restarting...
2026-04-06 10:04:11,886 [INFO] 🚀 Starting Telegram Bot...
2026-04-06 10:04:41,896 [WARNING] ⚠️ Telegram Bot died. Restarting...
2026-04-06 10:04:41,899 [INFO] 🚀 Starting Telegram Bot...
2026-04-06 10:05:11,911 [WARNING] ⚠️ Telegram Bot died. Restarting...
2026-04-06 10:05:11,912 [INFO] 🚀 Starting Telegram Bot...
2026-04-06 10:05:41,923 [WARNING] ⚠️ Telegram Bot died. Restarting...
2026-04-06 10:05:41,925 [INFO] 🚀 Starting Telegram Bot...
2026-04-06 10:06:11,935 [WARNING] ⚠️ Telegram Bot died. Restarting...
2026-04-06 10:06:11,936 [INFO] 🚀 Starting Telegram Bot...
2026-04-06 10:06:41,947 [WARNING] ⚠️ Telegram Bot died. Restarting...
2026-04-06 10:06:41,948 [INFO] 🚀 Starting Telegram Bot...
2026-04-06 10:07:11,957 [WARNING] ⚠️ Telegram Bot died. Restarting...
2026-04-06 10:07:11,959 [INFO] 🚀 Starting Telegram Bot...
2026-04-06 10:07:41,969 [WARNING] ⚠️ Telegram Bot died. Restarting...
2026-04-06 10:07:41,970 [INFO] 🚀 Starting Telegram Bot...
2026-04-06 10:08:11,981 [WARNING] ⚠️ Telegram Bot died. Restarting...
2026-04-06 10:08:11,983 [INFO] 🚀 Starting Telegram Bot...
2026-04-06 10:08:41,993 [WARNING] ⚠️ Telegram Bot died. Restarting...
2026-04-06 10:08:41,995 [INFO] 🚀 Starting Telegram Bot...
2026-04-06 10:09:12,005 [WARNING] ⚠️ Telegram Bot died. Restarting...
2026-04-06 10:09:12,007 [INFO] 🚀 Starting Telegram Bot...
2026-04-06 10:09:42,014 [WARNING] ⚠️ Telegram Bot died. Restarting...
2026-04-06 10:09:42,014 [INFO] 🚀 Starting Telegram Bot...
2026-04-06 10:10:12,022 [WARNING] ⚠️ Telegram Bot died. Restarting...
2026-04-06 10:10:12,022 [INFO] 🚀 Starting Telegram Bot...
2026-04-06 10:10:42,030 [WARNING] ⚠️ Telegram Bot died. Restarting...
2026-04-06 10:10:42,032 [INFO] 🚀 Starting Telegram Bot...
2026-04-06 10:11:12,042 [WARNING] ⚠️ Telegram Bot died. Restarting...
2026-04-06 10:11:12,043 [INFO] 🚀 Starting Telegram Bot...
2026-04-06 10:11:42,053 [WARNING] ⚠️ Telegram Bot died. Restarting...
2026-04-06 10:11:42,056 [INFO] 🚀 Starting Telegram Bot...
2026-04-06 10:12:12,065 [WARNING] ⚠️ Telegram Bot died. Restarting...
2026-04-06 10:12:12,067 [INFO] 🚀 Starting Telegram Bot...
2026-04-06 10:12:42,076 [WARNING] ⚠️ Telegram Bot died. Restarting...
2026-04-06 10:12:42,078 [INFO] 🚀 Starting Telegram Bot...
2026-04-06 10:13:12,088 [WARNING] ⚠️ Telegram Bot died. Restarting...
2026-04-06 10:13:12,089 [INFO] 🚀 Starting Telegram Bot...
2026-04-06 10:13:42,100 [WARNING] ⚠️ Telegram Bot died. Restarting...
2026-04-06 10:13:42,102 [INFO] 🚀 Starting Telegram Bot...
2026-04-06 10:14:12,111 [WARNING] ⚠️ Telegram Bot died. Restarting...
2026-04-06 10:14:12,111 [INFO] 🚀 Starting Telegram Bot...
2026-04-06 10:14:42,117 [WARNING] ⚠️ Telegram Bot died. Restarting...
2026-04-06 10:14:42,118 [INFO] 🚀 Starting Telegram Bot...
2026-04-06 10:15:12,127 [WARNING] ⚠️ Telegram Bot died. Restarting...
2026-04-06 10:15:12,129 [INFO] 🚀 Starting Telegram Bot...
2026-04-06 10:15:42,141 [WARNING] ⚠️ Telegram Bot died. Restarting...
2026-04-06 10:15:42,142 [INFO] 🚀 Starting Telegram Bot...
2026-04-06 10:16:12,153 [WARNING] ⚠️ Telegram Bot died. Restarting...
2026-04-06 10:16:12,154 [INFO] 🚀 Starting Telegram Bot...
2026-04-06 10:16:42,163 [WARNING] ⚠️ Telegram Bot died. Restarting...
2026-04-06 10:16:42,165 [INFO] 🚀 Starting Telegram Bot...
2026-04-06 10:17:12,176 [WARNING] ⚠️ Telegram Bot died. Restarting...
2026-04-06 10:17:12,177 [INFO] 🚀 Starting Telegram Bot...
2026-04-06 10:17:42,188 [WARNING] ⚠️ Telegram Bot died. Restarting...
2026-04-06 10:17:42,189 [INFO] 🚀 Starting Telegram Bot...
2026-04-06 10:18:12,199 [WARNING] ⚠️ Telegram Bot died. Restarting...
2026-04-06 10:18:12,200 [INFO] 🚀 Starting Telegram Bot...
2026-04-06 10:18:42,210 [WARNING] ⚠️ Telegram Bot died. Restarting...
2026-04-06 10:18:42,211 [INFO] 🚀 Starting Telegram Bot...
2026-04-06 10:19:12,220 [WARNING] ⚠️ Telegram Bot died. Restarting...
2026-04-06 10:19:12,223 [INFO] 🚀 Starting Telegram Bot...
2026-04-06 10:19:42,235 [WARNING] ⚠️ Telegram Bot died. Restarting...
2026-04-06 10:19:42,236 [INFO] 🚀 Starting Telegram Bot...
2026-04-06 10:20:12,246 [WARNING] ⚠️ Telegram Bot died. Restarting...
2026-04-06 10:20:12,248 [INFO] 🚀 Starting Telegram Bot...
2026-04-06 10:20:42,257 [WARNING] ⚠️ Telegram Bot died. Restarting...
2026-04-06 10:20:42,259 [INFO] 🚀 Starting Telegram Bot...
2026-04-06 10:21:12,271 [WARNING] ⚠️ Telegram Bot died. Restarting...
2026-04-06 10:21:12,273 [INFO] 🚀 Starting Telegram Bot...
2026-04-06 10:21:42,281 [WARNING] ⚠️ Telegram Bot died. Restarting...
2026-04-06 10:21:42,281 [INFO] 🚀 Starting Telegram Bot...
2026-04-06 10:22:12,292 [WARNING] ⚠️ Telegram Bot died. Restarting...
2026-04-06 10:22:12,294 [INFO] 🚀 Starting Telegram Bot...
2026-04-06 10:22:42,302 [WARNING] ⚠️ Telegram Bot died. Restarting...
2026-04-06 10:22:42,306 [INFO] 🚀 Starting Telegram Bot...
2026-04-06 10:23:12,314 [WARNING] ⚠️ Telegram Bot died. Restarting...
2026-04-06 10:23:12,316 [INFO] 🚀 Starting Telegram Bot...
2026-04-06 10:23:42,327 [WARNING] ⚠️ Telegram Bot died. Restarting...
2026-04-06 10:23:42,328 [INFO] 🚀 Starting Telegram Bot...
2026-04-06 10:24:12,339 [WARNING] ⚠️ Telegram Bot died. Restarting...
2026-04-06 10:24:12,341 [INFO] 🚀 Starting Telegram Bot...
2026-04-06 10:24:42,349 [WARNING] ⚠️ Telegram Bot died. Restarting...
2026-04-06 10:24:42,351 [INFO] 🚀 Starting Telegram Bot...
2026-04-06 10:25:12,363 [WARNING] ⚠️ Telegram Bot died. Restarting...
2026-04-06 10:25:12,364 [INFO] 🚀 Starting Telegram Bot...
2026-04-06 10:25:42,376 [WARNING] ⚠️ Telegram Bot died. Restarting...
2026-04-06 10:25:42,377 [INFO] 🚀 Starting Telegram Bot...
2026-04-06 10:26:12,386 [WARNING] ⚠️ Telegram Bot died. Restarting...
2026-04-06 10:26:12,387 [INFO] 🚀 Starting Telegram Bot...
2026-04-06 10:26:42,407 [WARNING] ⚠️ Telegram Bot died. Restarting...
2026-04-06 10:26:42,408 [INFO] 🚀 Starting Telegram Bot...
2026-04-06 10:27:12,421 [WARNING] ⚠️ Telegram Bot died. Restarting...
2026-04-06 10:27:12,423 [INFO] 🚀 Starting Telegram Bot...
2026-04-06 10:27:42,434 [WARNING] ⚠️ Telegram Bot died. Restarting...
2026-04-06 10:27:42,435 [INFO] 🚀 Starting Telegram Bot...
2026-04-06 10:28:12,447 [WARNING] ⚠️ Telegram Bot died. Restarting...
2026-04-06 10:28:12,448 [INFO] 🚀 Starting Telegram Bot...
2026-04-06 10:28:42,458 [WARNING] ⚠️ Telegram Bot died. Restarting...
2026-04-06 10:28:42,459 [INFO] 🚀 Starting Telegram Bot...
2026-04-06 10:29:12,470 [WARNING] ⚠️ Telegram Bot died. Restarting...
2026-04-06 10:29:12,472 [INFO] 🚀 Starting Telegram Bot...
2026-04-06 10:29:42,483 [WARNING] ⚠️ Telegram Bot died. Restarting...
2026-04-06 10:29:42,484 [INFO] 🚀 Starting Telegram Bot...
2026-04-06 10:30:12,496 [WARNING] ⚠️ Telegram Bot died. Restarting...
2026-04-06 10:30:12,497 [INFO] 🚀 Starting Telegram Bot...
2026-04-06 10:30:42,507 [WARNING] ⚠️ Telegram Bot died. Restarting...
2026-04-06 10:30:42,507 [INFO] 🚀 Starting Telegram Bot...
2026-04-06 10:31:12,516 [WARNING] ⚠️ Telegram Bot died. Restarting...
2026-04-06 10:31:12,517 [INFO] 🚀 Starting Telegram Bot...
2026-04-06 10:31:42,517 [WARNING] ⚠️ Telegram Bot died. Restarting...
2026-04-06 10:31:42,518 [INFO] 🚀 Starting Telegram Bot...
2026-04-06 10:32:12,499 [WARNING] ⚠️ Telegram Bot died. Restarting...
2026-04-06 10:32:12,499 [INFO] 🚀 Starting Telegram Bot...
2026-04-06 10:32:42,504 [WARNING] ⚠️ Telegram Bot died. Restarting...
2026-04-06 10:32:42,505 [INFO] 🚀 Starting Telegram Bot...
2026-04-06 10:33:12,513 [WARNING] ⚠️ Telegram Bot died. Restarting...
2026-04-06 10:33:12,514 [INFO] 🚀 Starting Telegram Bot...
2026-04-06 10:33:42,525 [WARNING] ⚠️ Telegram Bot died. Restarting...
2026-04-06 10:33:42,527 [INFO] 🚀 Starting Telegram Bot...
2026-04-06 10:34:12,544 [WARNING] ⚠️ Telegram Bot died. Restarting...
2026-04-06 10:34:12,546 [INFO] 🚀 Starting Telegram Bot...
2026-04-06 10:34:42,558 [WARNING] ⚠️ Telegram Bot died. Restarting...
2026-04-06 10:34:42,560 [INFO] 🚀 Starting Telegram Bot...
2026-04-06 10:35:12,570 [WARNING] ⚠️ Telegram Bot died. Restarting...
2026-04-06 10:35:12,571 [INFO] 🚀 Starting Telegram Bot...
2026-04-06 10:35:42,577 [WARNING] ⚠️ Telegram Bot died. Restarting...
2026-04-06 10:35:42,579 [INFO] 🚀 Starting Telegram Bot...
2026-04-06 10:36:12,592 [WARNING] ⚠️ Telegram Bot died. Restarting...
2026-04-06 10:36:12,594 [INFO] 🚀 Starting Telegram Bot...
2026-04-06 10:36:42,604 [WARNING] ⚠️ Telegram Bot died. Restarting...
2026-04-06 10:36:42,606 [INFO] 🚀 Starting Telegram Bot...
2026-04-06 10:37:12,617 [WARNING] ⚠️ Telegram Bot died. Restarting...
2026-04-06 10:37:12,619 [INFO] 🚀 Starting Telegram Bot...
2026-04-06 10:37:42,630 [WARNING] ⚠️ Telegram Bot died. Restarting...
2026-04-06 10:37:42,632 [INFO] 🚀 Starting Telegram Bot...
2026-04-06 10:38:12,639 [WARNING] ⚠️ Telegram Bot died. Restarting...
2026-04-06 10:38:12,641 [INFO] 🚀 Starting Telegram Bot...
2026-04-06 10:38:42,653 [WARNING] ⚠️ Telegram Bot died. Restarting...
2026-04-06 10:38:42,655 [INFO] 🚀 Starting Telegram Bot...
2026-04-06 10:39:12,665 [WARNING] ⚠️ Telegram Bot died. Restarting...
2026-04-06 10:39:12,666 [INFO] 🚀 Starting Telegram Bot...
2026-04-06 10:39:42,675 [WARNING] ⚠️ Telegram Bot died. Restarting...
2026-04-06 10:39:42,676 [INFO] 🚀 Starting Telegram Bot...
2026-04-06 10:40:12,687 [WARNING] ⚠️ Telegram Bot died. Restarting...
2026-04-06 10:40:12,688 [INFO] 🚀 Starting Telegram Bot...
2026-04-06 10:40:42,701 [WARNING] ⚠️ Telegram Bot died. Restarting...
2026-04-06 10:40:42,704 [INFO] 🚀 Starting Telegram Bot...
2026-04-06 10:41:12,718 [WARNING] ⚠️ Telegram Bot died. Restarting...
2026-04-06 10:41:12,719 [INFO] 🚀 Starting Telegram Bot...
2026-04-06 10:41:42,730 [WARNING] ⚠️ Telegram Bot died. Restarting...
2026-04-06 10:41:42,732 [INFO] 🚀 Starting Telegram Bot...
2026-04-06 10:42:12,743 [WARNING] ⚠️ Telegram Bot died. Restarting...
2026-04-06 10:42:12,745 [INFO] 🚀 Starting Telegram Bot...
2026-04-06 10:42:42,756 [WARNING] ⚠️ Telegram Bot died. Restarting...
2026-04-06 10:42:42,757 [INFO] 🚀 Starting Telegram Bot...
2026-04-06 10:43:12,765 [WARNING] ⚠️ Telegram Bot died. Restarting...
2026-04-06 10:43:12,766 [INFO] 🚀 Starting Telegram Bot...
2026-04-06 10:43:42,777 [WARNING] ⚠️ Telegram Bot died. Restarting...
2026-04-06 10:43:42,780 [INFO] 🚀 Starting Telegram Bot...
2026-04-06 10:44:12,793 [WARNING] ⚠️ Telegram Bot died. Restarting...
2026-04-06 10:44:12,794 [INFO] 🚀 Starting Telegram Bot...
2026-04-06 10:44:42,802 [WARNING] ⚠️ Telegram Bot died. Restarting...
2026-04-06 10:44:42,803 [INFO] 🚀 Starting Telegram Bot...
