2026-03-28 13:01:34,420 - google_sheets_integration - WARNING - Google Sheets credentials not found. Set GOOGLE_SHEETS_CREDS_JSON environment variable.
2026-03-28 13:01:34,429 - job_digest_scheduler - INFO - Scoring 1 jobs...
2026-03-28 13:01:34,436 - enhanced_multi_scraper - INFO - Starting multi-platform scraping...
2026-03-28 13:01:34,436 - enhanced_multi_scraper - INFO - Scraping web platforms...
2026-03-28 13:01:34,436 - enhanced_multi_scraper - INFO - LinkedIn scraping - using demo data (requires Selenium in production)
2026-03-28 13:01:34,436 - enhanced_multi_scraper - INFO - Generated 3 realistic jobs from LinkedIn (demo mode)
2026-03-28 13:01:34,436 - scrapers.naukri_scraper - INFO - 🔍 Scraping Naukri.com jobs...
2026-03-28 13:01:53,635 - enhanced_multi_scraper - INFO - ✅ Scraped 0 jobs from Naukri
2026-03-28 13:01:53,635 - scrapers.internshala_scraper - INFO - 🔍 Scraping Internshala internships...
2026-03-28 13:01:54,855 - enhanced_multi_scraper - INFO - ✅ Scraped 0 internships from Internshala
2026-03-28 13:01:55,725 - enhanced_multi_scraper - WARNING - Wellfound scraping error: Expecting value: line 1 column 1 (char 0)
2026-03-28 13:01:55,725 - enhanced_multi_scraper - INFO - Generated 3 realistic jobs from Wellfound (demo mode)
2026-03-28 13:01:55,725 - scrapers.unstop_scraper - INFO - 🔍 Scraping Unstop opportunities...
2026-03-28 13:01:55,725 - scrapers.unstop_scraper - INFO - Attempting Unstop API...
2026-03-28 13:01:57,887 - scrapers.unstop_scraper - INFO - Attempting Unstop HTML scraping...
2026-03-28 13:01:59,547 - scrapers.unstop_scraper - INFO - ✅ Found 0 opportunities from Unstop HTML
2026-03-28 13:01:59,548 - enhanced_multi_scraper - INFO - ✅ Scraped 0 opportunities from Unstop
2026-03-28 13:01:59,548 - enhanced_multi_scraper - INFO - Found 6 jobs from web platforms
2026-03-28 13:01:59,548 - enhanced_multi_scraper - INFO - Scraping Telegram channels...
2026-03-28 13:01:59,548 - enhanced_multi_scraper - WARNING - Telegram API credentials not set. Set TELEGRAM_API_ID and TELEGRAM_API_HASH.
2026-03-28 13:01:59,548 - enhanced_multi_scraper - INFO - Found 3 jobs from Telegram
2026-03-28 13:01:59,548 - enhanced_multi_scraper - INFO - Found 6 unique jobs (removed 3 duplicates)
2026-03-28 13:01:59,548 - enhanced_multi_scraper - INFO - Total jobs after deduplication: 6
2026-03-28 13:12:48,692 - google_sheets_integration - WARNING - Google Sheets credentials not found. Set GOOGLE_SHEETS_CREDS_JSON environment variable.
2026-03-28 13:12:48,701 - job_digest_scheduler - INFO - Scoring 1 jobs...
2026-03-28 13:12:48,715 - google_sheets_integration - WARNING - Google Sheets credentials not found. Set GOOGLE_SHEETS_CREDS_JSON environment variable.
2026-04-03 22:55:59,164 - google_sheets_integration - WARNING - Google Sheets credentials not found. Set GOOGLE_SHEETS_CREDS_JSON environment variable.
2026-04-03 22:55:59,164 - __main__ - INFO - AI Job Hunter 24/7 Scheduler Starting
2026-04-03 22:55:59,164 - __main__ - INFO - Interval: 30 minutes
2026-04-03 22:55:59,164 - __main__ - INFO - Bot Token: 8714057840:AAHMEuUS4...
2026-04-03 22:55:59,164 - __main__ - INFO - Starting job digest scheduler (interval: 30 minutes)
2026-04-03 22:55:59,165 - __main__ - INFO - 
============================================================
2026-04-03 22:55:59,165 - __main__ - INFO - Starting Job Digest Cycle #1
2026-04-03 22:55:59,165 - __main__ - INFO - Time: 2026-04-03 17:25:59 UTC
2026-04-03 22:55:59,165 - __main__ - INFO - ============================================================
2026-04-03 22:55:59,165 - __main__ - INFO - Step 1/6: Loading user profile...
2026-04-03 22:55:59,187 - __main__ - INFO - ✓ Profile loaded: data_analyst in ['Remote', 'India']
2026-04-03 22:55:59,187 - __main__ - INFO - Step 2/6: Scraping job platforms...
2026-04-03 22:55:59,187 - scrapers.naukri_scraper - INFO - 🔍 Scraping Naukri.com jobs...
2026-04-03 22:56:25,650 - scrapers.naukri_scraper - INFO - Naukri: All methods exhausted, returning empty
2026-04-03 22:56:25,651 - scrapers.common - WARNING - ⚠️ No jobs returned from naukri; fallback generation disabled
2026-04-03 22:56:26,309 - scrapers.internshala_scraper - INFO - 🔍 Scraping Internshala internships...
2026-04-03 22:56:27,485 - scrapers.common - WARNING - ⚠️ No jobs returned from internshala; fallback generation disabled
2026-04-03 22:56:28,540 - scrapers.unstop_scraper - INFO - 🔍 Scraping Unstop opportunities...
2026-04-03 22:56:28,541 - scrapers.unstop_scraper - INFO - Attempting Unstop API...
2026-04-03 22:56:31,403 - scrapers.unstop_scraper - INFO - Attempting Unstop HTML scraping...
2026-04-03 22:56:33,362 - scrapers.unstop_scraper - INFO - ✅ Found 0 opportunities from Unstop HTML
2026-04-03 22:56:33,362 - scrapers.common - WARNING - ⚠️ No jobs returned from unstop; fallback generation disabled
2026-04-03 22:56:34,227 - scrapers.shine_scraper - INFO - 🔍 Scraping Shine.com jobs...
2026-04-03 22:56:37,867 - scrapers.shine_scraper - INFO - ✅ Shine.com: Found 0 REAL jobs
2026-04-03 22:56:37,868 - scrapers.common - WARNING - ⚠️ No jobs returned from shine; fallback generation disabled
2026-04-03 22:56:38,682 - scrapers.timesjobs_scraper - INFO - 🔍 Scraping TimesJobs.com jobs...
2026-04-03 22:56:43,094 - scrapers.timesjobs_scraper - INFO - ✅ TimesJobs: Found 0 REAL jobs
2026-04-03 22:56:43,094 - scrapers.common - WARNING - ⚠️ No jobs returned from timesjobs; fallback generation disabled
2026-04-03 22:56:44,374 - __main__ - INFO - ✓ Found 0 jobs across all platforms
2026-04-03 22:56:44,374 - __main__ - WARNING - No jobs found this cycle
2026-04-03 23:17:44,424 - google_sheets_integration - WARNING - Google Sheets credentials not found. Set GOOGLE_SHEETS_CREDS_JSON environment variable.
2026-04-03 23:17:44,425 - __main__ - INFO - AI Job Hunter 24/7 Scheduler Starting
2026-04-03 23:17:44,425 - __main__ - INFO - Interval: 30 minutes
2026-04-03 23:17:44,425 - __main__ - INFO - Bot Token: 8714057840:AAHMEuUS4...
2026-04-03 23:17:44,425 - __main__ - INFO - Starting job digest scheduler (interval: 30 minutes)
2026-04-03 23:17:44,425 - __main__ - INFO - 
============================================================
2026-04-03 23:17:44,425 - __main__ - INFO - Starting Job Digest Cycle #1
2026-04-03 23:17:44,425 - __main__ - INFO - Time: 2026-04-03 17:47:44 UTC
2026-04-03 23:17:44,425 - __main__ - INFO - ============================================================
2026-04-03 23:17:44,425 - __main__ - INFO - Step 1/6: Loading user profile...
2026-04-03 23:17:44,448 - __main__ - INFO - ✓ Profile loaded: data_analyst in ['Remote', 'India']
2026-04-03 23:17:44,448 - __main__ - INFO - Step 2/6: Scraping job platforms...
2026-04-03 23:17:44,448 - scrapers.naukri_scraper - INFO - 🔍 Scraping Naukri.com jobs...
2026-04-03 23:18:06,526 - scrapers.naukri_scraper - INFO - Naukri: All methods exhausted, returning empty
2026-04-03 23:18:06,527 - scrapers.common - WARNING - ⚠️ No jobs returned from naukri; fallback generation disabled
2026-04-03 23:18:07,574 - scrapers.internshala_scraper - INFO - 🔍 Scraping Internshala internships...
2026-04-03 23:18:08,697 - scrapers.common - WARNING - ⚠️ No jobs returned from internshala; fallback generation disabled
2026-04-03 23:18:09,747 - scrapers.unstop_scraper - INFO - 🔍 Scraping Unstop opportunities...
2026-04-03 23:18:09,747 - scrapers.unstop_scraper - INFO - Attempting Unstop API...
2026-04-03 23:18:13,113 - scrapers.unstop_scraper - INFO - Attempting Unstop HTML scraping...
2026-04-03 23:18:15,285 - scrapers.unstop_scraper - INFO - ✅ Found 0 opportunities from Unstop HTML
2026-04-03 23:18:15,286 - scrapers.common - WARNING - ⚠️ No jobs returned from unstop; fallback generation disabled
2026-04-03 23:18:16,279 - scrapers.shine_scraper - INFO - 🔍 Scraping Shine.com jobs...
2026-04-03 23:18:21,360 - scrapers.shine_scraper - INFO - ✅ Shine.com: Found 0 REAL jobs
2026-04-03 23:18:21,361 - scrapers.common - WARNING - ⚠️ No jobs returned from shine; fallback generation disabled
2026-04-03 23:18:22,749 - scrapers.timesjobs_scraper - INFO - 🔍 Scraping TimesJobs.com jobs...
2026-04-03 23:18:26,331 - scrapers.timesjobs_scraper - INFO - ✅ TimesJobs: Found 0 REAL jobs
2026-04-03 23:18:26,332 - scrapers.common - WARNING - ⚠️ No jobs returned from timesjobs; fallback generation disabled
2026-04-03 23:18:27,402 - __main__ - INFO - ✓ Found 0 jobs across all platforms
2026-04-03 23:18:27,402 - __main__ - WARNING - No jobs found this cycle
2026-04-04 01:18:04,170 - google_sheets_integration - WARNING - Google Sheets credentials not found. Set GOOGLE_SHEETS_CREDS_JSON environment variable.
2026-04-04 01:18:04,170 - __main__ - INFO - AI Job Hunter 24/7 Scheduler Starting
2026-04-04 01:18:04,170 - __main__ - INFO - Interval: 30 minutes
2026-04-04 01:18:04,170 - __main__ - INFO - Bot Token: 8714057840:AAHMEuUS4...
2026-04-04 01:18:04,170 - __main__ - INFO - Starting job digest scheduler (interval: 30 minutes)
2026-04-04 01:18:04,171 - __main__ - INFO - 
============================================================
2026-04-04 01:18:04,171 - __main__ - INFO - Starting Job Digest Cycle #1
2026-04-04 01:18:04,171 - __main__ - INFO - Time: 2026-04-03 19:48:04 UTC
2026-04-04 01:18:04,171 - __main__ - INFO - ============================================================
2026-04-04 01:18:04,171 - __main__ - INFO - Step 1/6: Loading user profile...
2026-04-04 01:18:04,194 - __main__ - INFO - ✓ Profile loaded: data_analyst in ['Remote', 'India']
2026-04-04 01:18:04,194 - __main__ - INFO - Step 2/6: Scraping job platforms...
2026-04-04 01:18:04,194 - scrapers.naukri_scraper - INFO - 🔍 Scraping Naukri.com jobs...
2026-04-04 01:18:24,813 - scrapers.naukri_scraper - INFO - Naukri: All methods exhausted, returning empty
2026-04-04 01:18:24,816 - scrapers.common - WARNING - ⚠️ No jobs returned from naukri; fallback generation disabled
2026-04-04 01:18:25,913 - scrapers.internshala_scraper - INFO - 🔍 Scraping Internshala internships...
2026-04-04 01:18:27,403 - scrapers.common - WARNING - ⚠️ No jobs returned from internshala; fallback generation disabled
2026-04-04 01:18:27,993 - scrapers.unstop_scraper - INFO - 🔍 Scraping Unstop opportunities...
2026-04-04 01:18:27,993 - scrapers.unstop_scraper - INFO - Attempting Unstop API...
2026-04-04 01:18:30,476 - scrapers.unstop_scraper - INFO - Attempting Unstop HTML scraping...
2026-04-04 01:18:32,059 - scrapers.unstop_scraper - INFO - ✅ Found 0 opportunities from Unstop HTML
2026-04-04 01:18:32,059 - scrapers.common - WARNING - ⚠️ No jobs returned from unstop; fallback generation disabled
2026-04-04 01:18:33,217 - scrapers.shine_scraper - INFO - 🔍 Scraping Shine.com jobs...
2026-04-04 01:18:37,120 - scrapers.shine_scraper - INFO - ✅ Shine.com: Found 0 REAL jobs
2026-04-04 01:18:37,121 - scrapers.common - WARNING - ⚠️ No jobs returned from shine; fallback generation disabled
2026-04-04 01:18:38,346 - scrapers.timesjobs_scraper - INFO - 🔍 Scraping TimesJobs.com jobs...
2026-04-04 01:18:42,328 - scrapers.timesjobs_scraper - INFO - ✅ TimesJobs: Found 0 REAL jobs
2026-04-04 01:18:42,330 - scrapers.common - WARNING - ⚠️ No jobs returned from timesjobs; fallback generation disabled
2026-04-04 01:18:43,136 - __main__ - INFO - ✓ Found 0 jobs across all platforms
2026-04-04 01:18:43,136 - __main__ - WARNING - No jobs found this cycle
