2026-04-04 01:18:03,522 - __main__ - INFO - ============================================================
2026-04-04 01:18:03,522 - __main__ - INFO - 🤖 Starting AI Job Hunter - Cloud Mode
2026-04-04 01:18:03,523 - __main__ - INFO - ⏰ Time: 2026-04-04 01:18:03.522734
2026-04-04 01:18:03,523 - __main__ - INFO - 📍 Environment: CLOUD
2026-04-04 01:18:03,523 - __main__ - INFO - ============================================================
2026-04-04 01:18:03,523 - __main__ - INFO - ✅ All environment variables verified
2026-04-04 01:18:03,714 - scrapers.telegram_channel_scraper - INFO - ✅ Loaded 17 Telegram channels from env
2026-04-04 01:18:03,714 - __main__ - INFO - 📍 Starting job scraper cycle...
2026-04-04 01:18:03,748 - scrapers.naukri_scraper - INFO - 🔍 Scraping Naukri.com jobs...
2026-04-04 01:18:27,873 - scrapers.naukri_scraper - INFO - Naukri: All methods exhausted, returning empty
2026-04-04 01:18:27,875 - scrapers.common - WARNING - ⚠️ No jobs returned from naukri; fallback generation disabled
2026-04-04 01:18:28,970 - scrapers.internshala_scraper - INFO - 🔍 Scraping Internshala internships...
2026-04-04 01:18:30,071 - scrapers.common - WARNING - ⚠️ No jobs returned from internshala; fallback generation disabled
2026-04-04 01:18:31,254 - scrapers.unstop_scraper - INFO - 🔍 Scraping Unstop opportunities...
2026-04-04 01:18:31,254 - scrapers.unstop_scraper - INFO - Attempting Unstop API...
2026-04-04 01:18:33,537 - scrapers.unstop_scraper - INFO - Attempting Unstop HTML scraping...
2026-04-04 01:18:35,232 - scrapers.unstop_scraper - INFO - ✅ Found 0 opportunities from Unstop HTML
2026-04-04 01:18:35,233 - scrapers.common - WARNING - ⚠️ No jobs returned from unstop; fallback generation disabled
2026-04-04 01:18:36,585 - scrapers.shine_scraper - INFO - 🔍 Scraping Shine.com jobs...
2026-04-04 01:18:39,683 - scrapers.shine_scraper - INFO - ✅ Shine.com: Found 0 REAL jobs
2026-04-04 01:18:39,684 - scrapers.common - WARNING - ⚠️ No jobs returned from shine; fallback generation disabled
2026-04-04 01:18:40,720 - scrapers.timesjobs_scraper - INFO - 🔍 Scraping TimesJobs.com jobs...
2026-04-04 01:18:44,682 - scrapers.timesjobs_scraper - INFO - ✅ TimesJobs: Found 0 REAL jobs
2026-04-04 01:18:44,683 - scrapers.common - WARNING - ⚠️ No jobs returned from timesjobs; fallback generation disabled
2026-04-04 01:18:45,461 - __main__ - INFO - ✅ Scraping cycle complete!
2026-04-04 01:18:45,463 - __main__ - INFO - 📊 Total jobs processed: 0
2026-04-04 01:18:45,463 - __main__ - INFO - ⏱️  Cycle took 41.9 seconds
2026-04-04 01:18:45,464 - __main__ - INFO - ============================================================
2026-04-04 01:18:45,464 - __main__ - INFO - ✅ CYCLE SUCCESSFUL - Ready for next execution
2026-04-04 01:18:45,464 - __main__ - INFO - ============================================================
