2026-04-04 01:18:04,170 - google_sheets_integration - WARNING - Google Sheets credentials not found. Set GOOGLE_SHEETS_CREDS_JSON environment variable.
2026-04-04 01:18:04,170 - __main__ - INFO - AI Job Hunter 24/7 Scheduler Starting
2026-04-04 01:18:04,170 - __main__ - INFO - Interval: 30 minutes
2026-04-04 01:18:04,170 - __main__ - INFO - Bot Token: 8714057840:AAHMEuUS4...
2026-04-04 01:18:04,170 - __main__ - INFO - Starting job digest scheduler (interval: 30 minutes)
2026-04-04 01:18:04,171 - __main__ - INFO - 
============================================================
2026-04-04 01:18:04,171 - __main__ - INFO - Starting Job Digest Cycle #1
2026-04-04 01:18:04,171 - __main__ - INFO - Time: 2026-04-03 19:48:04 UTC
2026-04-04 01:18:04,171 - __main__ - INFO - ============================================================
2026-04-04 01:18:04,171 - __main__ - INFO - Step 1/6: Loading user profile...
2026-04-04 01:18:04,194 - __main__ - INFO - ✓ Profile loaded: data_analyst in ['Remote', 'India']
2026-04-04 01:18:04,194 - __main__ - INFO - Step 2/6: Scraping job platforms...
2026-04-04 01:18:04,194 - scrapers.naukri_scraper - INFO - 🔍 Scraping Naukri.com jobs...
2026-04-04 01:18:24,813 - scrapers.naukri_scraper - INFO - Naukri: All methods exhausted, returning empty
2026-04-04 01:18:24,816 - scrapers.common - WARNING - ⚠️ No jobs returned from naukri; fallback generation disabled
2026-04-04 01:18:25,913 - scrapers.internshala_scraper - INFO - 🔍 Scraping Internshala internships...
2026-04-04 01:18:27,403 - scrapers.common - WARNING - ⚠️ No jobs returned from internshala; fallback generation disabled
2026-04-04 01:18:27,993 - scrapers.unstop_scraper - INFO - 🔍 Scraping Unstop opportunities...
2026-04-04 01:18:27,993 - scrapers.unstop_scraper - INFO - Attempting Unstop API...
2026-04-04 01:18:30,476 - scrapers.unstop_scraper - INFO - Attempting Unstop HTML scraping...
2026-04-04 01:18:32,059 - scrapers.unstop_scraper - INFO - ✅ Found 0 opportunities from Unstop HTML
2026-04-04 01:18:32,059 - scrapers.common - WARNING - ⚠️ No jobs returned from unstop; fallback generation disabled
2026-04-04 01:18:33,217 - scrapers.shine_scraper - INFO - 🔍 Scraping Shine.com jobs...
2026-04-04 01:18:37,120 - scrapers.shine_scraper - INFO - ✅ Shine.com: Found 0 REAL jobs
2026-04-04 01:18:37,121 - scrapers.common - WARNING - ⚠️ No jobs returned from shine; fallback generation disabled
2026-04-04 01:18:38,346 - scrapers.timesjobs_scraper - INFO - 🔍 Scraping TimesJobs.com jobs...
2026-04-04 01:18:42,328 - scrapers.timesjobs_scraper - INFO - ✅ TimesJobs: Found 0 REAL jobs
2026-04-04 01:18:42,330 - scrapers.common - WARNING - ⚠️ No jobs returned from timesjobs; fallback generation disabled
2026-04-04 01:18:43,136 - __main__ - INFO - ✓ Found 0 jobs across all platforms
2026-04-04 01:18:43,136 - __main__ - WARNING - No jobs found this cycle
